

Microchip MPLAB XC8 Assembler V2.10 build 88905656 
                                                                                               Mon Mar 22 15:55:49 2021

Microchip MPLAB XC8 C Compiler v2.10 (Free license) build 20190730164152 Og1 
     1                           	processor	18F47Q10
     2                           	fnconf	rparam,??,?,0
     3                           	opt	pw 120
     4                           	opt	flic
     5                           	psect	cinit,global,reloc=2,class=CODE,delta=1
     6                           	psect	cstackCOMRAM,global,class=COMRAM,space=1,delta=1,noexec
     7                           	psect	text0,global,reloc=2,class=CODE,delta=1
     8                           	psect	text1,global,reloc=2,class=CODE,delta=1
     9                           	psect	text2,global,reloc=2,class=CODE,delta=1
    10                           	psect	intcode,global,reloc=2,class=CODE,delta=1
    11                           	psect	intsave_regs,global,class=BIGRAM,space=1,delta=1,noexec
    12                           	psect	rparam,global,class=COMRAM,space=1,delta=1,noexec
    13                           	psect	temp,global,ovrld,common,class=COMRAM,space=1,delta=1
    14  0000                     
    15                           ; Version 2.10
    16                           ; Generated 31/07/2019 GMT
    17                           ; 
    18                           ; Copyright © 2019, Microchip Technology Inc. and its subsidiaries ("Microchip")
    19                           ; All rights reserved.
    20                           ; 
    21                           ; This software is developed by Microchip Technology Inc. and its subsidiaries ("Microch
      +                          ip").
    22                           ; 
    23                           ; Redistribution and use in source and binary forms, with or without modification, are
    24                           ; permitted provided that the following conditions are met:
    25                           ; 
    26                           ;     1. Redistributions of source code must retain the above copyright notice, this lis
      +                          t of
    27                           ;        conditions and the following disclaimer.
    28                           ; 
    29                           ;     2. Redistributions in binary form must reproduce the above copyright notice, this 
      +                          list
    30                           ;        of conditions and the following disclaimer in the documentation and/or other
    31                           ;        materials provided with the distribution.
    32                           ; 
    33                           ;     3. Microchip's name may not be used to endorse or promote products derived from th
      +                          is
    34                           ;        software without specific prior written permission.
    35                           ; 
    36                           ; THIS SOFTWARE IS PROVIDED BY MICROCHIP "AS IS" AND ANY EXPRESS OR IMPLIED WARRANTIES,
    37                           ; INCLUDING, BUT NOT LIMITED TO, THE IMPLIED WARRANTIES OF MERCHANTABILITY AND FITNESS F
      +                          OR
    38                           ; PURPOSE ARE DISCLAIMED.  IN NO EVENT SHALL MICROCHIP BE LIABLE FOR ANY DIRECT, INDIREC
      +                          T,
    39                           ; INCIDENTAL, SPECIAL, EXEMPLARY, OR CONSEQUENTIAL DAMAGES (INCLUDING BUT NOT LIMITED TO
    40                           ; PROCUREMENT OF SUBSTITUTE GOODS OR SERVICES; LOSS OF USE, DATA OR PROFITS; OR BUSINESS
    41                           ; INTERRUPTION) HOWSOEVER CAUSED AND ON ANY THEORY OF LIABILITY, WHETHER IN CONTRACT, ST
      +                          RICT
    42                           ; LIABILITY, OR TORT (INCLUDING NEGLIGENCE OR OTHERWISE) ARISING IN ANY WAY OUT OF THE U
      +                          SE OF
    43                           ; THIS SOFTWARE, EVEN IF ADVISED OF THE POSSIBILITY OF SUCH DAMAGE.
    44                           ; 
    45                           ; 
    46                           ; Code-generator required, PIC18F47Q10 Definitions
    47                           ; 
    48                           ; SFR Addresses
    49  0000                     _PIE0bits	set	3773
    50  0000                     _PIR0bits	set	3781
    51  0000                     _OSCCON1bits	set	3795
    52  0000                     _ANSELAbits	set	3852
    53  0000                     _LATAbits	set	3970
    54  0000                     _TMR0	set	4050
    55  0000                     _T0CON1bits	set	4053
    56  0000                     _T0CON0bits	set	4052
    57  0000                     _INTCONbits	set	4082
    58  0000                     _PORTAbits	set	3980
    59  0000                     _TRISAbits	set	3975
    60                           
    61                           ; #config settings
    62  0000                     
    63                           	psect	cinit
    64  00008E                     __pcinit:
    65                           	opt callstack 0
    66  00008E                     start_initialization:
    67                           	opt callstack 0
    68  00008E                     __initialization:
    69                           	opt callstack 0
    70  00008E                     end_of_initialization:
    71                           	opt callstack 0
    72  00008E                     __end_of__initialization:
    73                           	opt callstack 0
    74  00008E  9002               	bcf	int$flags,0,c	;clear compiler interrupt flag (level 1)
    75  000090  9202               	bcf	int$flags,1,c	;clear compiler interrupt flag (level 2)
    76  000092  0100               	movlb	0
    77  000094  EF39  F000         	goto	_main	;jump to C main() function
    78                           
    79                           	psect	cstackCOMRAM
    80  000001                     __pcstackCOMRAM:
    81                           	opt callstack 0
    82  000001                     ??_TMR_0:
    83  000001                     
    84                           ; 2 bytes @ 0x0
    85  000001                     	ds	1
    86  000002                     
    87                           ; 1 bytes @ 0x1
    88 ;;
    89 ;;Main: autosize = 0, tempsize = 0, incstack = 0, save=0
    90 ;;
    91 ;; *************** function _main *****************
    92 ;; Defined at:
    93 ;;		line 17 in file "newmain.c"
    94 ;; Parameters:    Size  Location     Type
    95 ;;		None
    96 ;; Auto vars:     Size  Location     Type
    97 ;;		None
    98 ;; Return value:  Size  Location     Type
    99 ;;                  2   30[None  ] int 
   100 ;; Registers used:
   101 ;;		wreg, status,2, cstack
   102 ;; Tracked objects:
   103 ;;		On entry : 0/0
   104 ;;		On exit  : 0/0
   105 ;;		Unchanged: 0/0
   106 ;; Data sizes:     COMRAM   BANK0   BANK1   BANK2   BANK3   BANK4   BANK5   BANK6   BANK7   BANK8   BANK9  BANK10  BANK1
      +1  BANK12  BANK14
   107 ;;      Params:         0       0       0       0       0       0       0       0       0       0       0       0       
      +0       0       0
   108 ;;      Locals:         0       0       0       0       0       0       0       0       0       0       0       0       
      +0       0       0
   109 ;;      Temps:          0       0       0       0       0       0       0       0       0       0       0       0       
      +0       0       0
   110 ;;      Totals:         0       0       0       0       0       0       0       0       0       0       0       0       
      +0       0       0
   111 ;;Total ram usage:        0 bytes
   112 ;; Hardware stack levels required when called:    2
   113 ;; This function calls:
   114 ;;		_config_tmr0_tempor
   115 ;;		_oscilador
   116 ;; This function is called by:
   117 ;;		Startup code after reset
   118 ;; This function uses a non-reentrant model
   119 ;;
   120                           
   121                           	psect	text0
   122  000072                     __ptext0:
   123                           	opt callstack 0
   124  000072                     _main:
   125                           	opt callstack 29
   126  000072                     
   127                           ;newmain.c: 18:     oscilador();
   128  000072  EC41  F000         	call	_oscilador	;wreg free
   129                           
   130                           ;newmain.c: 19:     config_tmr0_tempor();
   131  000076  EC23  F000         	call	_config_tmr0_tempor	;wreg free
   132  00007A                     l31:
   133  00007A  EF3D  F000         	goto	l31
   134  00007E  EF21  F000         	goto	start
   135  000082                     __end_of_main:
   136                           	opt callstack 0
   137                           
   138 ;; *************** function _oscilador *****************
   139 ;; Defined at:
   140 ;;		line 27 in file "newmain.c"
   141 ;; Parameters:    Size  Location     Type
   142 ;;		None
   143 ;; Auto vars:     Size  Location     Type
   144 ;;		None
   145 ;; Return value:  Size  Location     Type
   146 ;;                  1    wreg      void 
   147 ;; Registers used:
   148 ;;		wreg, status,2
   149 ;; Tracked objects:
   150 ;;		On entry : 0/0
   151 ;;		On exit  : 0/0
   152 ;;		Unchanged: 0/0
   153 ;; Data sizes:     COMRAM   BANK0   BANK1   BANK2   BANK3   BANK4   BANK5   BANK6   BANK7   BANK8   BANK9  BANK10  BANK1
      +1  BANK12  BANK14
   154 ;;      Params:         0       0       0       0       0       0       0       0       0       0       0       0       
      +0       0       0
   155 ;;      Locals:         0       0       0       0       0       0       0       0       0       0       0       0       
      +0       0       0
   156 ;;      Temps:          0       0       0       0       0       0       0       0       0       0       0       0       
      +0       0       0
   157 ;;      Totals:         0       0       0       0       0       0       0       0       0       0       0       0       
      +0       0       0
   158 ;;Total ram usage:        0 bytes
   159 ;; Hardware stack levels used:    1
   160 ;; Hardware stack levels required when called:    1
   161 ;; This function calls:
   162 ;;		Nothing
   163 ;; This function is called by:
   164 ;;		_main
   165 ;; This function uses a non-reentrant model
   166 ;;
   167                           
   168                           	psect	text1
   169  000082                     __ptext1:
   170                           	opt callstack 0
   171  000082                     _oscilador:
   172                           	opt callstack 29
   173  000082                     
   174                           ;newmain.c: 28:     OSCCON1bits.NOSC = 0b111;
   175  000082  0E70               	movlw	112
   176  000084  010E               	movlb	14	; () banked
   177  000086  13D3               	iorwf	211,f,b	;volatile
   178                           
   179                           ;newmain.c: 29:     OSCCON1bits.NDIV = 0;
   180  000088  0EF0               	movlw	-16
   181  00008A  17D3               	andwf	211,f,b	;volatile
   182  00008C                     
   183                           ; BSR set to: 14
   184  00008C  0012               	return		;funcret
   185  00008E                     __end_of_oscilador:
   186                           	opt callstack 0
   187                           
   188 ;; *************** function _config_tmr0_tempor *****************
   189 ;; Defined at:
   190 ;;		line 32 in file "newmain.c"
   191 ;; Parameters:    Size  Location     Type
   192 ;;		None
   193 ;; Auto vars:     Size  Location     Type
   194 ;;		None
   195 ;; Return value:  Size  Location     Type
   196 ;;                  1    wreg      void 
   197 ;; Registers used:
   198 ;;		wreg, status,2
   199 ;; Tracked objects:
   200 ;;		On entry : 0/0
   201 ;;		On exit  : 0/0
   202 ;;		Unchanged: 0/0
   203 ;; Data sizes:     COMRAM   BANK0   BANK1   BANK2   BANK3   BANK4   BANK5   BANK6   BANK7   BANK8   BANK9  BANK10  BANK1
      +1  BANK12  BANK14
   204 ;;      Params:         0       0       0       0       0       0       0       0       0       0       0       0       
      +0       0       0
   205 ;;      Locals:         0       0       0       0       0       0       0       0       0       0       0       0       
      +0       0       0
   206 ;;      Temps:          0       0       0       0       0       0       0       0       0       0       0       0       
      +0       0       0
   207 ;;      Totals:         0       0       0       0       0       0       0       0       0       0       0       0       
      +0       0       0
   208 ;;Total ram usage:        0 bytes
   209 ;; Hardware stack levels used:    1
   210 ;; Hardware stack levels required when called:    1
   211 ;; This function calls:
   212 ;;		Nothing
   213 ;; This function is called by:
   214 ;;		_main
   215 ;; This function uses a non-reentrant model
   216 ;;
   217                           
   218                           	psect	text2
   219  000046                     __ptext2:
   220                           	opt callstack 0
   221  000046                     _config_tmr0_tempor:
   222                           	opt callstack 29
   223  000046                     
   224                           ;newmain.c: 33:     TRISAbits.TRISA0 = 0;
   225  000046  9087               	bcf	135,0,c	;volatile
   226                           
   227                           ;newmain.c: 34:     ANSELAbits.ANSELA0 = 0;
   228  000048  010F               	movlb	15	; () banked
   229  00004A  910C               	bcf	12,0,b	;volatile
   230                           
   231                           ;newmain.c: 35:     PORTAbits.RA0 = 0;
   232  00004C  908C               	bcf	140,0,c	;volatile
   233                           
   234                           ;newmain.c: 38:     INTCONbits.GIE = 1;
   235  00004E  8EF2               	bsf	242,7,c	;volatile
   236                           
   237                           ;newmain.c: 39:     PIR0bits.TMR0IF = 0;
   238  000050  010E               	movlb	14	; () banked
   239  000052  9BC5               	bcf	197,5,b	;volatile
   240                           
   241                           ;newmain.c: 40:     PIE0bits.TMR0IE = 1;
   242  000054  8BBD               	bsf	189,5,b	;volatile
   243                           
   244                           ;newmain.c: 43:     T0CON0bits.T016BIT = 0;
   245  000056  98D4               	bcf	212,4,c	;volatile
   246  000058                     
   247                           ; BSR set to: 14
   248                           ;newmain.c: 44:     T0CON1bits.T0CS = 0b010;
   249  000058  50D5               	movf	213,w,c	;volatile
   250  00005A  0B1F               	andlw	-225
   251  00005C  0940               	iorlw	64
   252  00005E  6ED5               	movwf	213,c	;volatile
   253  000060                     
   254                           ; BSR set to: 14
   255                           ;newmain.c: 45:     T0CON1bits.T0ASYNC = 1;
   256  000060  88D5               	bsf	213,4,c	;volatile
   257                           
   258                           ;newmain.c: 46:     T0CON1bits.T0CKPS = 0b1001;
   259  000062  50D5               	movf	213,w,c	;volatile
   260  000064  0BF0               	andlw	-16
   261  000066  0909               	iorlw	9
   262  000068  6ED5               	movwf	213,c	;volatile
   263  00006A                     
   264                           ; BSR set to: 14
   265                           ;newmain.c: 47:     T0CON0bits.T0EN = 1;
   266  00006A  8ED4               	bsf	212,7,c	;volatile
   267                           
   268                           ;newmain.c: 49:     TMR0=61;
   269  00006C  0E3D               	movlw	61
   270  00006E  6ED2               	movwf	210,c	;volatile
   271  000070                     
   272                           ; BSR set to: 14
   273  000070  0012               	return		;funcret
   274  000072                     __end_of_config_tmr0_tempor:
   275                           	opt callstack 0
   276                           
   277 ;; *************** function _TMR_0 *****************
   278 ;; Defined at:
   279 ;;		line 52 in file "newmain.c"
   280 ;; Parameters:    Size  Location     Type
   281 ;;		None
   282 ;; Auto vars:     Size  Location     Type
   283 ;;		None
   284 ;; Return value:  Size  Location     Type
   285 ;;                  1    wreg      void 
   286 ;; Registers used:
   287 ;;		wreg, status,2, status,0
   288 ;; Tracked objects:
   289 ;;		On entry : 0/0
   290 ;;		On exit  : 0/0
   291 ;;		Unchanged: 0/0
   292 ;; Data sizes:     COMRAM   BANK0   BANK1   BANK2   BANK3   BANK4   BANK5   BANK6   BANK7   BANK8   BANK9  BANK10  BANK1
      +1  BANK12  BANK14
   293 ;;      Params:         0       0       0       0       0       0       0       0       0       0       0       0       
      +0       0       0
   294 ;;      Locals:         0       0       0       0       0       0       0       0       0       0       0       0       
      +0       0       0
   295 ;;      Temps:          1       0       0       0       0       0       0       0       0       0       0       0       
      +0       0       0
   296 ;;      Totals:         1       0       0       0       0       0       0       0       0       0       0       0       
      +0       0       0
   297 ;;Total ram usage:        1 bytes
   298 ;; Hardware stack levels used:    1
   299 ;; This function calls:
   300 ;;		Nothing
   301 ;; This function is called by:
   302 ;;		Interrupt level 2
   303 ;; This function uses a non-reentrant model
   304 ;;
   305                           
   306                           	psect	intcode
   307  000008                     __pintcode:
   308                           	opt callstack 0
   309  000008                     _TMR_0:
   310                           	opt callstack 29
   311                           
   312                           ; BSR set to: 14
   313                           ;incstack = 0
   314  000008  8202               	bsf	int$flags,1,c	;set compiler interrupt flag (level 2)
   315  00000A                     
   316                           ;newmain.c: 53:      if(PIR0bits.TMR0IF == 1){
   317  00000A  010E               	movlb	14	; () banked
   318  00000C  ABC5               	btfss	197,5,b	;volatile
   319  00000E  EF0B  F000         	goto	i2u1_41
   320  000012  EF0D  F000         	goto	i2u1_40
   321  000016                     i2u1_41:
   322  000016  EF1D  F000         	goto	i2l740
   323  00001A                     i2u1_40:
   324  00001A                     
   325                           ; BSR set to: 14
   326                           ;newmain.c: 54:          PIR0bits.TMR0IF = 0;
   327  00001A  9BC5               	bcf	197,5,b	;volatile
   328  00001C                     
   329                           ; BSR set to: 14
   330                           ;newmain.c: 55:          LATAbits.LATA0 = !LATAbits.LATA0;
   331  00001C  A082               	btfss	130,0,c	;volatile
   332  00001E  EF13  F000         	goto	i2u2_41
   333  000022  EF17  F000         	goto	i2u2_40
   334  000026                     i2u2_41:
   335  000026  6A01               	clrf	??_TMR_0^0,c
   336  000028  2A01               	incf	??_TMR_0^0,f,c
   337  00002A  EF18  F000         	goto	i2u3_48
   338  00002E                     i2u2_40:
   339  00002E  6A01               	clrf	??_TMR_0^0,c
   340  000030                     i2u3_48:
   341  000030  5082               	movf	130,w,c	;volatile
   342  000032  1801               	xorwf	??_TMR_0^0,w,c
   343  000034  0BFE               	andlw	-2
   344  000036  1801               	xorwf	??_TMR_0^0,w,c
   345  000038  6E82               	movwf	130,c	;volatile
   346  00003A                     i2l740:
   347                           
   348                           ;newmain.c: 57:      TMR0=61;
   349  00003A  0E3D               	movlw	61
   350  00003C  6ED2               	movwf	210,c	;volatile
   351  00003E  9202               	bcf	int$flags,1,c	;clear compiler interrupt flag (level 2)
   352  000040  0011               	retfie		f
   353  000042                     __end_of_TMR_0:
   354                           	opt callstack 0
   355  0000                     
   356                           	psect	rparam
   357  0000                     
   358                           	psect	temp
   359  000002                     btemp:
   360                           	opt callstack 0
   361  000002                     	ds	1
   362  0000                     int$flags	set	btemp
   363  0000                     wtemp8	set	btemp+1
   364  0000                     ttemp5	set	btemp+1
   365  0000                     ttemp6	set	btemp+4
   366  0000                     ttemp7	set	btemp+8
   367                           tosu	equ	0xFFF
   368                           tosh	equ	0xFFE
   369                           tosl	equ	0xFFD
   370                           stkptr	equ	0xFFC
   371                           pclatu	equ	0xFFB
   372                           pclath	equ	0xFFA
   373                           pcl	equ	0xFF9
   374                           tblptru	equ	0xFF8
   375                           tblptrh	equ	0xFF7
   376                           tblptrl	equ	0xFF6
   377                           tablat	equ	0xFF5
   378                           prodh	equ	0xFF4
   379                           prodl	equ	0xFF3
   380                           indf0	equ	0xFEF
   381                           postinc0	equ	0xFEE
   382                           postdec0	equ	0xFED
   383                           preinc0	equ	0xFEC
   384                           plusw0	equ	0xFEB
   385                           fsr0h	equ	0xFEA
   386                           fsr0l	equ	0xFE9
   387                           wreg	equ	0xFE8
   388                           indf1	equ	0xFE7
   389                           postinc1	equ	0xFE6
   390                           postdec1	equ	0xFE5
   391                           preinc1	equ	0xFE4
   392                           plusw1	equ	0xFE3
   393                           fsr1h	equ	0xFE2
   394                           fsr1l	equ	0xFE1
   395                           bsr	equ	0xFE0
   396                           indf2	equ	0xFDF
   397                           postinc2	equ	0xFDE
   398                           postdec2	equ	0xFDD
   399                           preinc2	equ	0xFDC
   400                           plusw2	equ	0xFDB
   401                           fsr2h	equ	0xFDA
   402                           fsr2l	equ	0xFD9
   403                           status	equ	0xFD8


Data Sizes:
    Strings     0
    Constant    0
    Data        0
    BSS         0
    Persistent  0
    Stack       0

Auto Spaces:
    Space          Size  Autos    Used
    COMRAM           94      1       1
    BANK0           160      0       0
    BANK1           256      0       0
    BANK2           256      0       0
    BANK3           256      0       0
    BANK4           256      0       0
    BANK5           256      0       0
    BANK6           256      0       0
    BANK7           256      0       0
    BANK8           256      0       0
    BANK9           256      0       0
    BANK10          256      0       0
    BANK11          256      0       0
    BANK12          256      0       0
    BANK14           31      0       0

Pointer List with Targets:

    None.

Critical Paths under _main in COMRAM

    None.

Critical Paths under _TMR_0 in COMRAM

    None.

Critical Paths under _main in BANK0

    None.

Critical Paths under _TMR_0 in BANK0

    None.

Critical Paths under _main in BANK1

    None.

Critical Paths under _TMR_0 in BANK1

    None.

Critical Paths under _main in BANK2

    None.

Critical Paths under _TMR_0 in BANK2

    None.

Critical Paths under _main in BANK3

    None.

Critical Paths under _TMR_0 in BANK3

    None.

Critical Paths under _main in BANK4

    None.

Critical Paths under _TMR_0 in BANK4

    None.

Critical Paths under _main in BANK5

    None.

Critical Paths under _TMR_0 in BANK5

    None.

Critical Paths under _main in BANK6

    None.

Critical Paths under _TMR_0 in BANK6

    None.

Critical Paths under _main in BANK7

    None.

Critical Paths under _TMR_0 in BANK7

    None.

Critical Paths under _main in BANK8

    None.

Critical Paths under _TMR_0 in BANK8

    None.

Critical Paths under _main in BANK9

    None.

Critical Paths under _TMR_0 in BANK9

    None.

Critical Paths under _main in BANK10

    None.

Critical Paths under _TMR_0 in BANK10

    None.

Critical Paths under _main in BANK11

    None.

Critical Paths under _TMR_0 in BANK11

    None.

Critical Paths under _main in BANK12

    None.

Critical Paths under _TMR_0 in BANK12

    None.

Critical Paths under _main in BANK14

    None.

Critical Paths under _TMR_0 in BANK14

    None.

Call Graph Tables:

 ---------------------------------------------------------------------------------
 (Depth) Function   	        Calls       Base Space   Used Autos Params    Refs
 ---------------------------------------------------------------------------------
 (0) _main                                                 0     0      0       0
                 _config_tmr0_tempor
                          _oscilador
 ---------------------------------------------------------------------------------
 (1) _oscilador                                            0     0      0       0
 ---------------------------------------------------------------------------------
 (1) _config_tmr0_tempor                                   0     0      0       0
 ---------------------------------------------------------------------------------
 Estimated maximum stack depth 1
 ---------------------------------------------------------------------------------
 (Depth) Function   	        Calls       Base Space   Used Autos Params    Refs
 ---------------------------------------------------------------------------------
 (2) _TMR_0                                                1     1      0       0
                                              0 COMRAM     1     1      0
 ---------------------------------------------------------------------------------
 Estimated maximum stack depth 2
 ---------------------------------------------------------------------------------

 Call Graph Graphs:

 _main (ROOT)
   _config_tmr0_tempor
   _oscilador

 _TMR_0 (ROOT)

 Address spaces:
Name               Size   Autos  Total    Cost      Usage
BITCOMRAM           5E      0       0       0        0.0%
EEDATA             400      0       0       0        0.0%
NULL                 0      0       0       0        0.0%
CODE                 0      0       0       0        0.0%
COMRAM              5E      1       1       1        1.1%
STACK                0      0       0       2        0.0%
DATA                 0      0       0       3        0.0%
BITBANK0            A0      0       0       4        0.0%
BANK0               A0      0       0       5        0.0%
BITBANK1           100      0       0       6        0.0%
BANK1              100      0       0       7        0.0%
BITBANK2           100      0       0       8        0.0%
BANK2              100      0       0       9        0.0%
BITBANK3           100      0       0      10        0.0%
BANK3              100      0       0      11        0.0%
BITBANK4           100      0       0      12        0.0%
BANK4              100      0       0      13        0.0%
BITBANK5           100      0       0      14        0.0%
BANK5              100      0       0      15        0.0%
BITBANK6           100      0       0      16        0.0%
BANK6              100      0       0      17        0.0%
BITBANK7           100      0       0      18        0.0%
BANK7              100      0       0      19        0.0%
BITBANK8           100      0       0      20        0.0%
BANK8              100      0       0      21        0.0%
BITBANK9           100      0       0      22        0.0%
BANK9              100      0       0      23        0.0%
BITBANK10          100      0       0      24        0.0%
BANK10             100      0       0      25        0.0%
BITBANK11          100      0       0      26        0.0%
BANK11             100      0       0      27        0.0%
ABS                  0      0       0      28        0.0%
BITBANK12          100      0       0      29        0.0%
BANK12             100      0       0      30        0.0%
BITBANK14           1F      0       0      31        0.0%
BANK14              1F      0       0      32        0.0%
BIGRAM_1            1F      0       0      33        0.0%
BIGRAM             CFF      0       0      34        0.0%
BITSFR_2             0      0       0     200        0.0%
SFR_2                0      0       0     200        0.0%
BITSFR_1             0      0       0     200        0.0%
SFR_1                0      0       0     200        0.0%
BITSFR               0      0       0     200        0.0%
SFR                  0      0       0     200        0.0%


Microchip Technology PIC18 Macro Assembler V2.10 build 88905656 
Symbol Table                                                                                   Mon Mar 22 15:55:49 2021

                __CFG_CP$OFF 000000                           l31 007A                           l40 0070  
                         l32 007A                           l37 008C                  __CFG_LVP$ON 000000  
                        l730 006A                          l722 0082                          l724 0046  
                        l732 0072                          l726 0058                          l728 0060  
               __CFG_CPD$OFF 000000                 __CFG_ZCD$OFF 000000                         i2l46 003E  
                       _TMR0 000FD2                __CFG_FCMEN$ON 000000                         _main 0072  
                       btemp 0002                         start 0042                __CFG_CSWEN$ON 000000  
               ___param_bank 000000                __CFG_SCANE$ON 000000                        ?_main 0001  
              __CFG_WDTE$OFF 000000                        i2l740 003A                        i2l734 000A  
                      i2l736 001A                        i2l738 001C                        _TMR_0 0008  
              __CFG_WRT0$OFF 000000                __CFG_WRT1$OFF 000000                __CFG_WRT2$OFF 000000  
              __CFG_WRT3$OFF 000000                __CFG_PWRTE$ON 000000                __CFG_WRT4$OFF 000000  
              __CFG_WRT5$OFF 000000                __CFG_WRT6$OFF 000000                __CFG_WRT7$OFF 000000  
             __CFG_EBTR0$OFF 000000               __CFG_EBTR1$OFF 000000               __CFG_EBTR2$OFF 000000  
             __CFG_EBTR3$OFF 000000               __CFG_EBTR4$OFF 000000               __CFG_EBTR5$OFF 000000  
             __CFG_EBTR6$OFF 000000               __CFG_EBTR7$OFF 000000                __CFG_WRTB$OFF 000000  
              __CFG_WRTC$OFF 000000                __CFG_WRTD$OFF 000000               __CFG_EBTRB$OFF 000000  
         __CFG_MCLRE$EXTMCLR 000000                        ttemp5 0003                        ttemp6 0006  
                      ttemp7 000A                        wtemp8 0003  __size_of_config_tmr0_tempor 002C  
            __initialization 008E                 __end_of_main 0082                       ??_main 0002  
              __activetblptr 000000                       ?_TMR_0 0001               __CFG_WDTCCS$SC 000000  
         __CFG_RSTOSC$EXTOSC 000000                       i2u1_40 001A                       i2u1_41 0016  
                     i2u2_40 002E                       i2u2_41 0026                       i2u3_48 0030  
             __CFG_XINST$OFF 000000               __CFG_STVREN$ON 000000                   __accesstop 0060  
    __end_of__initialization 008E              __CFG_FEXTOSC$XT 000000                ___rparam_used 000001  
              __end_of_TMR_0 0042               __pcstackCOMRAM 0001                      ??_TMR_0 0001  
            __CFG_PPS1WAY$ON 000000           __size_of_oscilador 000C                      __Hparam 0000  
                    __Lparam 0000                      __pcinit 008E                      __ramtop 0F00  
                    __ptext0 0072                      __ptext1 0082                      __ptext2 0046  
       end_of_initialization 008E            __end_of_oscilador 008E   __end_of_config_tmr0_tempor 0072  
      __CFG_WDTCPS$WDTCPS_31 000000                    _PORTAbits 000F8C                    _TRISAbits 000F87  
        start_initialization 008E             __CFG_LPBOREN$OFF 000000                    __pintcode 0008  
             __size_of_TMR_0 003A                     _LATAbits 000F82                     _PIE0bits 000EBD  
                   _PIR0bits 000EC5                    _oscilador 0082           _config_tmr0_tempor 0046  
        ?_config_tmr0_tempor 0001         ??_config_tmr0_tempor 0002                     __Hrparam 0000  
                 ?_oscilador 0001                     __Lrparam 0000           __CFG_BOREN$SBORDIS 000000  
                 _ANSELAbits 000F0C                   _T0CON0bits 000FD4                   _T0CON1bits 000FD5  
                _OSCCON1bits 000ED3                __size_of_main 0010         __CFG_WDTCWS$WDTCWS_7 000000  
         __CFG_BORV$VBOR_190 000000                     int$flags 0002                   _INTCONbits 000FF2  
                   intlevel2 0000            __CFG_CLKOUTEN$OFF 000000                  ??_oscilador 0002  
